<?xml version="1.0" encoding="UTF-8"?>
<testsuite name="org.Open_code_Studio.jmcl.util.i18n.LocaleUtilsTest" tests="7" skipped="0" failures="0" errors="0" timestamp="2026-06-13T03:19:19.262Z" hostname="cangcangdeMacBook-Air.local" time="0.046">
  <properties/>
  <testcase name="testGetParentLanguage()" classname="org.Open_code_Studio.jmcl.util.i18n.LocaleUtilsTest" time="0.002"/>
  <testcase name="testFindAllLocalizedFiles()" classname="org.Open_code_Studio.jmcl.util.i18n.LocaleUtilsTest" time="0.04"/>
  <testcase name="testIsChinese()" classname="org.Open_code_Studio.jmcl.util.i18n.LocaleUtilsTest" time="0.0"/>
  <testcase name="testGetCandidateLocales()" classname="org.Open_code_Studio.jmcl.util.i18n.LocaleUtilsTest" time="0.001"/>
  <testcase name="testGetTextDirection()" classname="org.Open_code_Studio.jmcl.util.i18n.LocaleUtilsTest" time="0.001"/>
  <testcase name="testGetScript()" classname="org.Open_code_Studio.jmcl.util.i18n.LocaleUtilsTest" time="0.0"/>
  <testcase name="testNormalizeLanguage()" classname="org.Open_code_Studio.jmcl.util.i18n.LocaleUtilsTest" time="0.0"/>
  <system-out><![CDATA[]]></system-out>
  <system-err><![CDATA[]]></system-err>
</testsuite>
