<?xml version="1.0" encoding="UTF-8"?>
<testsuite name="org.Open_code_Studio.jmcl.util.io.FileUtilsTest" tests="5" skipped="0" failures="0" errors="0" timestamp="2026-06-13T03:19:19.332Z" hostname="cangcangdeMacBook-Air.local" time="0.002">
  <properties/>
  <testcase name="[1] WINDOWS" classname="org.Open_code_Studio.jmcl.util.io.FileUtilsTest" time="0.0"/>
  <testcase name="[2] LINUX" classname="org.Open_code_Studio.jmcl.util.io.FileUtilsTest" time="0.0"/>
  <testcase name="[3] MACOS" classname="org.Open_code_Studio.jmcl.util.io.FileUtilsTest" time="0.0"/>
  <testcase name="[4] FREEBSD" classname="org.Open_code_Studio.jmcl.util.io.FileUtilsTest" time="0.0"/>
  <testcase name="[5] UNKNOWN" classname="org.Open_code_Studio.jmcl.util.io.FileUtilsTest" time="0.0"/>
  <system-out><![CDATA[]]></system-out>
  <system-err><![CDATA[]]></system-err>
</testsuite>
