<?xml version="1.0" encoding="UTF-8"?>
<testsuite name="org.Open_code_Studio.jmcl.util.OSVersionTest" tests="3" skipped="0" failures="0" errors="0" timestamp="2026-06-13T03:19:11.799Z" hostname="cangcangdeMacBook-Air.local" time="0.003">
  <properties/>
  <testcase name="testParse()" classname="org.Open_code_Studio.jmcl.util.OSVersionTest" time="0.0"/>
  <testcase name="testIsAtLeast()" classname="org.Open_code_Studio.jmcl.util.OSVersionTest" time="0.001"/>
  <testcase name="testNotAcceptSystem()" classname="org.Open_code_Studio.jmcl.util.OSVersionTest" time="0.001"/>
  <system-out><![CDATA[]]></system-out>
  <system-err><![CDATA[]]></system-err>
</testsuite>
