<?xml version="1.0" encoding="UTF-8"?>
<testsuite name="org.Open_code_Studio.jmcl.ui.image.ImageUtilsTest" tests="2" skipped="0" failures="0" errors="0" timestamp="2026-06-13T03:19:07.932Z" hostname="cangcangdeMacBook-Air.local" time="0.005">
  <properties/>
  <testcase name="testIsApng()" classname="org.Open_code_Studio.jmcl.ui.image.ImageUtilsTest" time="0.004"/>
  <testcase name="testIsWebP()" classname="org.Open_code_Studio.jmcl.ui.image.ImageUtilsTest" time="0.0"/>
  <system-out><![CDATA[]]></system-out>
  <system-err><![CDATA[]]></system-err>
</testsuite>
